<?xml version="1.0" encoding="UTF-8"?>
<!-- Generated by org.testng.reporters.JUnitXMLReporter -->
<testsuite hostname="Роман-ПК" ignored="0" tests="1" failures="0" timestamp="13 апр 2018 11:00:14 GMT" time="9.045" errors="0">
  <testcase name="@BeforeTest Initialize" time="0.0" classname="SearchingTest">
    <failure type="java.lang.AssertionError" message="expected [РЇРЅРґРµРєСЃ.РњР°СЂРєРµС‚ вЂ” РІС‹Р±РѕСЂ Рё РїРѕРєСѓРїРєР° С‚РѕРІР°СЂРѕРІ РёР· РїСЂРѕРІРµСЂРµРЅРЅС‹С… РёРЅС‚РµСЂРЅРµС‚-РјР°РіР°Р·РёРЅРѕРІ] but found [Яндекс.Маркет — выбор и покупка товаров из проверенных интернет-магазинов]">
      <![CDATA[java.lang.AssertionError: expected [РЇРЅРґРµРєСЃ.РњР°СЂРєРµС‚ вЂ” РІС‹Р±РѕСЂ Рё РїРѕРєСѓРїРєР° С‚РѕРІР°СЂРѕРІ РёР· РїСЂРѕРІРµСЂРµРЅРЅС‹С… РёРЅС‚РµСЂРЅРµС‚-РјР°РіР°Р·РёРЅРѕРІ] but found [Яндекс.Маркет — выбор и покупка товаров из проверенных интернет-магазинов]
	at SearchingTest.Initialize(SearchingTest.java:25)
... Removed 33 stack frames]]>
    </failure>
  </testcase> <!-- @BeforeTest Initialize -->
  <testcase name="@AfterTest Shutdown" time="0.0" classname="SearchingTest">
    <skipped/>
  </testcase> <!-- @AfterTest Shutdown -->
  <testcase name="CheckSearching" time="0.057" classname="SearchingTest">
    <skipped/>
  </testcase> <!-- CheckSearching -->
</testsuite>
